<?xml version="1.0" encoding="UTF-8"?>
<!-- Generated by org.testng.reporters.JUnitReportReporter -->
<testsuite skipped="0" hostname="HARSHA-PC" name="cts.selenium.harsha.LoginScript" tests="1" failures="0" timestamp="2020-03-25T16:55:47 IST" time="38.152" errors="0">
  <testcase name="loginToApplication" time="38.152" classname="cts.selenium.harsha.LoginScript"/>
  <system-out/>
</testsuite> <!-- cts.selenium.harsha.LoginScript -->
