<?xml version="1.0" encoding="UTF-8"?>
<!-- Generated by org.testng.reporters.JUnitReportReporter -->
<testsuite skipped="0" hostname="HARSHA-PC" name="cts.miniproject.test.VerifyWordpressValidLogin" tests="1" failures="0" timestamp="2020-03-27T12:45:25 IST" time="29.557" errors="0">
  <testcase name="VerifyValidLogin" time="29.557" classname="cts.miniproject.test.VerifyWordpressValidLogin"/>
  <system-out/>
</testsuite> <!-- cts.miniproject.test.VerifyWordpressValidLogin -->
