<?xml version="1.0" encoding="UTF-8"?>
<!-- Generated by org.testng.reporters.JUnitReportReporter -->
<testsuite skipped="0" hostname="DESKTOP-AHMGDMH" name="cts.testng.harsha.Annotations" tests="2" failures="0" timestamp="2020-03-16T10:57:15 IST" time="0.011" errors="0">
  <testcase name="TestA" time="0.009" classname="cts.testng.harsha.Annotations"/>
  <system-out/>
  <testcase name="TestB" time="0.002" classname="cts.testng.harsha.Annotations"/>
  <system-out/>
</testsuite> <!-- cts.testng.harsha.Annotations -->
