<?xml version="1.0" encoding="UTF-8"?>
<!-- Generated by org.testng.reporters.JUnitReportReporter -->
<testsuite skipped="0" hostname="HARSHA-PC" name="cts.miniproject.test.TestSeleniumInChrome" tests="1" failures="0" timestamp="2020-03-25T14:10:09 IST" time="20.858" errors="0">
  <testcase name="testchrome" time="20.858" classname="cts.miniproject.test.TestSeleniumInChrome"/>
  <system-out/>
</testsuite> <!-- cts.miniproject.test.TestSeleniumInChrome -->
