<?xml version="1.0" encoding="UTF-8"?>
<!-- Generated by org.testng.reporters.JUnitReportReporter -->
<testsuite skipped="0" hostname="HARSHA-PC" name="cts.testng.harsha.ParallelTestCases" tests="3" failures="0" timestamp="2020-03-24T16:22:10 IST" time="0.065" errors="0">
  <testcase name="testcase1" time="0.021" classname="cts.testng.harsha.ParallelTestCases"/>
  <system-out/>
  <testcase name="testcase2" time="0.022" classname="cts.testng.harsha.ParallelTestCases"/>
  <system-out/>
  <testcase name="testcase3" time="0.022" classname="cts.testng.harsha.ParallelTestCases"/>
  <system-out/>
</testsuite> <!-- cts.testng.harsha.ParallelTestCases -->
