<?xml version="1.0" encoding="UTF-8"?>
<!-- Generated by org.testng.reporters.JUnitReportReporter -->
<testsuite skipped="0" hostname="HARSHA-PC" name="cts.selenium.harsha.ExtentReportDemo" tests="1" failures="0" timestamp="2020-03-28T10:43:38 IST" time="0.985" errors="0">
  <testcase name="loginTest" time="0.985" classname="cts.selenium.harsha.ExtentReportDemo"/>
  <system-out/>
</testsuite> <!-- cts.selenium.harsha.ExtentReportDemo -->
