<?xml version="1.0" encoding="UTF-8"?>
<!-- Generated by org.testng.reporters.JUnitReportReporter -->
<testsuite skipped="0" hostname="HARSHA-PC" name="cts.testng.harsha.ParallelTestCases2" tests="3" failures="0" timestamp="2020-03-24T16:22:10 IST" time="0.054" errors="0">
  <testcase name="testcase4" time="0.023" classname="cts.testng.harsha.ParallelTestCases2"/>
  <system-out/>
  <testcase name="testcase5" time="0.027" classname="cts.testng.harsha.ParallelTestCases2"/>
  <system-out/>
  <testcase name="testcase6" time="0.004" classname="cts.testng.harsha.ParallelTestCases2"/>
  <system-out/>
</testsuite> <!-- cts.testng.harsha.ParallelTestCases2 -->
