<?xml version="1.0" encoding="UTF-8"?>
<!-- Generated by org.testng.reporters.JUnitReportReporter -->
<testsuite skipped="0" hostname="HARSHA-PC" name="cts.testng.harsha.WordDriven" tests="1" failures="0" timestamp="2020-03-25T12:18:26 IST" time="0.015" errors="0">
  <testcase name="testconfig" time="0.015" classname="cts.testng.harsha.WordDriven"/>
  <system-out/>
</testsuite> <!-- cts.testng.harsha.WordDriven -->
