<?xml version="1.0" encoding="UTF-8"?>
<!-- Generated by org.testng.reporters.JUnitReportReporter -->
<testsuite skipped="0" hostname="HARSHA-PC" name="cts.testng.harsha.Display" tests="8" failures="0" timestamp="2020-03-24T17:52:01 IST" time="0.072" errors="0">
  <testcase name="Admin2" time="0.006" classname="cts.testng.harsha.Display"/>
  <system-out/>
  <testcase name="Customer1" time="0.002" classname="cts.testng.harsha.Display"/>
  <system-out/>
  <testcase name="Customer3" time="0.003" classname="cts.testng.harsha.Display"/>
  <system-out/>
  <testcase name="Customer2" time="0.002" classname="cts.testng.harsha.Display"/>
  <system-out/>
  <testcase name="Vendor3" time="0.002" classname="cts.testng.harsha.Display"/>
  <system-out/>
  <testcase name="Vendor1" time="0.017" classname="cts.testng.harsha.Display"/>
  <system-out/>
  <testcase name="Vendor2" time="0.003" classname="cts.testng.harsha.Display"/>
  <system-out/>
  <testcase name="Admin1" time="0.037" classname="cts.testng.harsha.Display"/>
  <system-out/>
</testsuite> <!-- cts.testng.harsha.Display -->
