<?xml version="1.0" encoding="UTF-8"?>
<!-- Generated by org.testng.reporters.JUnitReportReporter -->
<testsuite skipped="0" hostname="HARSHA-PC" name="cts.selenium.harsha.ValidAndInvalidLogin" tests="2" failures="0" timestamp="2020-03-25T17:51:04 IST" time="35.593" errors="0">
  <testcase name="validlogin" time="17.303" classname="cts.selenium.harsha.ValidAndInvalidLogin"/>
  <system-out/>
  <testcase name="Invalidlogin" time="18.290" classname="cts.selenium.harsha.ValidAndInvalidLogin"/>
  <system-out/>
</testsuite> <!-- cts.selenium.harsha.ValidAndInvalidLogin -->
