<?xml version="1.0" encoding="UTF-8"?>
<!-- Generated by org.testng.reporters.JUnitReportReporter -->
<testsuite skipped="0" hostname="HARSHA-PC" name="cts.miniproject.test.VerifyWordpressLoginPageFactory" tests="1" failures="0" timestamp="2020-03-26T12:46:13 IST" time="22.565" errors="0">
  <testcase name="checkValidUser" time="22.565" classname="cts.miniproject.test.VerifyWordpressLoginPageFactory"/>
  <system-out/>
</testsuite> <!-- cts.miniproject.test.VerifyWordpressLoginPageFactory -->
