<?xml version="1.0" encoding="UTF-8"?>
<!-- Generated by org.testng.reporters.JUnitReportReporter -->
<testsuite skipped="0" hostname="HARSHA-PC" name="cts.testng.harsha.TestSelenium" tests="1" failures="0" timestamp="2020-03-25T13:39:54 IST" time="0.018" errors="0">
  <testcase name="testconfig" time="0.018" classname="cts.testng.harsha.TestSelenium"/>
  <system-out/>
</testsuite> <!-- cts.testng.harsha.TestSelenium -->
