<?xml version="1.0" encoding="UTF-8"?>
<!-- Generated by org.testng.reporters.JUnitReportReporter -->
<testsuite skipped="0" hostname="HARSHA-PC" name="cts.selenium.harsha.LoginScript1" tests="1" failures="0" timestamp="2020-03-25T15:22:18 IST" time="32.621" errors="0">
  <testcase name="loginToApplication" time="32.621" classname="cts.selenium.harsha.LoginScript1"/>
  <system-out/>
</testsuite> <!-- cts.selenium.harsha.LoginScript1 -->
