<?xml version="1.0" encoding="UTF-8"?>
<!-- Generated by org.testng.reporters.JUnitReportReporter -->
<testsuite skipped="0" hostname="HARSHA-PC" name="cts.miniproject.test.VerifyWordpressBrowserFactoryLoginPageFactory" tests="1" failures="0" timestamp="2020-03-26T12:47:46 IST" time="18.876" errors="0">
  <testcase name="checkValidUser" time="18.876" classname="cts.miniproject.test.VerifyWordpressBrowserFactoryLoginPageFactory"/>
  <system-out/>
</testsuite> <!-- cts.miniproject.test.VerifyWordpressBrowserFactoryLoginPageFactory -->
